<?xml version="1.0" encoding="UTF-8"?>
<testng-results skipped="0" failed="0" ignored="0" total="1" passed="1">
  <reporter-output>
  </reporter-output>
  <suite name="Default suite" duration-ms="45" started-at="2017-09-24T14:54:51Z" finished-at="2017-09-24T14:54:51Z">
    <groups>
    </groups>
    <test name="Default test" duration-ms="45" started-at="2017-09-24T14:54:51Z" finished-at="2017-09-24T14:54:51Z">
      <class name="TestNG.NewTest">
        <test-method status="PASS" signature="f()[pri:0, instance:TestNG.NewTest@6a2bcfcb]" name="f" duration-ms="19" started-at="2017-09-24T10:54:51Z" finished-at="2017-09-24T10:54:51Z">
          <reporter-output>
          </reporter-output>
        </test-method> <!-- f -->
      </class> <!-- TestNG.NewTest -->
    </test> <!-- Default test -->
  </suite> <!-- Default suite -->
</testng-results>
